Loaded 99 studies from ../tables/dataset-inventory-June_20_2025.tab

[1/99] Searching for publications related to Aging, Demographics, and Memory Study (ADAMS)...
  Query: ("Aging, Demographics, and Memory Study"[All Fields] OR "ADAMS"[All Fields]) AND ("alzheimer's disea...
  Found 13 articles
  Successfully processed 13 articles

[2/99] Searching for publications related to Alzheimer's Disease Connectome Project (ADCP)...
  Query: ("Alzheimer's Disease Connectome Project"[All Fields] OR "ADCP"[All Fields]) AND ("alzheimer's disea...
  No results found

[3/99] Searching for publications related to Alzheimer's Disease Cooperative Study Clinical Trials Dataset (ADCS)...
  Query: ("Alzheimer's Disease Cooperative Study Clinical Trials Dataset"[All Fields] OR "ADCS"[All Fields]) ...
  Found 25 articles
  Successfully processed 25 articles

[4/99] Searching for publications related to Alzheimer's Disease Genetics Consortium (ADGC)...
  Query: ("Alzheimer's Disease Genetics Consortium"[All Fields] OR "ADGC"[All Fields]) AND ("alzheimer's dise...
  Found 2 articles
  Successfully processed 2 articles

[5/99] Searching for publications related to Alzheimer's Disease Metabolomics Consortium (ADMC)...
  Query: ("Alzheimer's Disease Metabolomics Consortium"[All Fields] OR "ADMC"[All Fields]) AND ("alzheimer's ...
  No results found

[6/99] Searching for publications related to Alzheimer's Disease Neuroimaging Initiative Grand Opportunities (ADNI-GO)...
  Query: ("Alzheimer's Disease Neuroimaging Initiative Grand Opportunities"[All Fields] OR "ADNI-GO"[All Fiel...
  No results found

[7/99] Searching for publications related to Alzheimer's Disease Neuroimaging Initiative Phase 1 (ADNI-1)...
  Query: ("Alzheimer's Disease Neuroimaging Initiative Phase 1"[All Fields] OR "ADNI-1"[All Fields]) AND ("al...
  Found 2 articles
  Successfully processed 2 articles

[8/99] Searching for publications related to Alzheimer's Disease Neuroimaging Initiative Phase 2 (ADNI-2)...
  Query: ("Alzheimer's Disease Neuroimaging Initiative Phase 2"[All Fields] OR "ADNI-2"[All Fields]) AND ("al...
  Found 1 articles
  Successfully processed 1 articles

[9/99] Searching for publications related to Alzheimer's Disease Neuroimaging Initiative Phase 3 (ADNI-3)...
  Query: ("Alzheimer's Disease Neuroimaging Initiative Phase 3"[All Fields] OR "ADNI-3"[All Fields]) AND ("al...
  No results found

[10/99] Searching for publications related to Alzheimer's Disease Sequencing Project - Whole Exome Sequencing (ADSP-WES)...
  Query: ("Alzheimer's Disease Sequencing Project - Whole Exome Sequencing"[All Fields] OR "ADSP-WES"[All Fie...
  No results found

[11/99] Searching for publications related to Alzheimer's Disease Sequencing Project - Whole Genome Sequencing (ADSP-WGS)...
  Query: ("Alzheimer's Disease Sequencing Project - Whole Genome Sequencing"[All Fields] OR "ADSP-WGS"[All Fi...
  No results found

[12/99] Searching for publications related to Anti-Amyloid Treatment in Asymptomatic Alzheimer's Study (A4)...
  Query: ("Anti-Amyloid Treatment in Asymptomatic Alzheimer's Study"[All Fields] OR "A4"[All Fields]) AND ("p...
  Found 14 articles
  Successfully processed 14 articles

[13/99] Searching for publications related to Australian Imaging Biomarkers and Lifestyle Study of Ageing (AIBL)...
  Query: ("Australian Imaging Biomarkers and Lifestyle Study of Ageing"[All Fields] OR "AIBL"[All Fields]) AN...
  Found 3 articles
  Successfully processed 3 articles

[14/99] Searching for publications related to Baltimore Longitudinal Study of Aging (BLSA)...
  Query: ("Baltimore Longitudinal Study of Aging"[All Fields] OR "BLSA"[All Fields]) AND ("alzheimer's diseas...
  Found 14 articles
  Successfully processed 14 articles

[15/99] Searching for publications related to BioFIND Study (BioFIND)...
  Query: ("BioFIND Study"[All Fields] OR "BioFIND"[All Fields]) AND ("parkinson's disease"[All Fields]) AND (...
  Found 1 articles
  Successfully processed 1 articles

[16/99] Searching for publications related to Brain Health Registry (BHR)...
  Query: ("Brain Health Registry"[All Fields] OR "BHR"[All Fields]) AND ("alzheimer's disease"[All Fields] OR...
  Found 3 articles
  Successfully processed 3 articles

[17/99] Searching for publications related to De Novo Parkinson's Disease Study (DeNoPa)...
  Query: ("De Novo Parkinson's Disease Study"[All Fields] OR "DeNoPa"[All Fields]) AND ("early parkinson's di...
  Found 1 articles
  Successfully processed 1 articles

[18/99] Searching for publications related to Department of Defense ADNI (ADNI-DOD)...
  Query: ("Department of Defense ADNI"[All Fields] OR "ADNI-DOD"[All Fields]) AND ("alzheimer's disease"[All ...
  Found 2 articles
  Successfully processed 2 articles

[19/99] Searching for publications related to Dominantly Inherited Alzheimer Network (DIAN)...
  Query: ("Dominantly Inherited Alzheimer Network"[All Fields] OR "DIAN"[All Fields]) AND ("familial alzheime...
  Found 1 articles
  Successfully processed 1 articles

[20/99] Searching for publications related to European Medical Information Framework for Alzheimer's Disease (EMIF-AD)...
  Query: ("European Medical Information Framework for Alzheimer's Disease"[All Fields] OR "EMIF-AD"[All Field...
  Found 13 articles
  Successfully processed 13 articles

[21/99] Searching for publications related to European Prevention of Alzheimer's Dementia Longitudinal Cohort Study (EPAD-LCS)...
  Query: ("European Prevention of Alzheimer's Dementia Longitudinal Cohort Study"[All Fields] OR "EPAD-LCS"[A...
  No results found

[22/99] Searching for publications related to Global Neurodegenerative Diseases Proteomics Consortium (GNPC)...
  Query: ("Global Neurodegenerative Diseases Proteomics Consortium"[All Fields] OR "GNPC"[All Fields]) AND ("...
  Found 7 articles
  Successfully processed 7 articles

[23/99] Searching for publications related to Global Parkinson's Genetics Program - Complex Disease Network (GP2-Complex)...
  Query: ("Global Parkinson's Genetics Program - Complex Disease Network"[All Fields] OR "GP2-Complex"[All Fi...
  No results found

[24/99] Searching for publications related to Global Parkinson's Genetics Program - Monogenic Network (GP2-Monogenic)...
  Query: ("Global Parkinson's Genetics Program - Monogenic Network"[All Fields] OR "GP2-Monogenic"[All Fields...
  No results found

[25/99] Searching for publications related to Harvard Biomarker Study (HBS)...
  Query: ("Harvard Biomarker Study"[All Fields] OR "HBS"[All Fields]) AND ("parkinson's disease"[All Fields] ...
  No results found

[26/99] Searching for publications related to iPSC Neurodegenerative Disease Initiative Cell Line Collection (iNDI-JAX)...
  Query: ("iPSC Neurodegenerative Disease Initiative Cell Line Collection"[All Fields] OR "iNDI-JAX"[All Fiel...
  No results found

[27/99] Searching for publications related to Longitudinal Early-onset Alzheimer's Disease Study (LEADS)...
  Query: ("Longitudinal Early-onset Alzheimer's Disease Study"[All Fields] OR "LEADS"[All Fields]) AND ("earl...
  Found 15 articles
  Successfully processed 15 articles

[28/99] Searching for publications related to LRRK2 Cohort Consortium (LCC)...
  Query: ("LRRK2 Cohort Consortium"[All Fields] OR "LCC"[All Fields]) AND ("lrrk2 parkinson's disease"[All Fi...
  No results found

[29/99] Searching for publications related to Mayo Clinic Study of Aging (MCSA)...
  Query: ("Mayo Clinic Study of Aging"[All Fields] OR "MCSA"[All Fields]) AND ("alzheimer's disease"[All Fiel...
  Found 45 articles
  Successfully processed 44 articles

[30/99] Searching for publications related to Memory and Aging Project (MAP)...
  Query: ("Memory and Aging Project"[All Fields] OR "MAP"[All Fields]) AND ("alzheimer's disease"[All Fields]...
  Found 100 articles
  Successfully processed 100 articles

[31/99] Searching for publications related to National Alzheimer's Coordinating Center Uniform Data Set (NACC-UDS)...
  Query: ("National Alzheimer's Coordinating Center Uniform Data Set"[All Fields] OR "NACC-UDS"[All Fields]) ...
  Found 7 articles
  Successfully processed 7 articles

[32/99] Searching for publications related to National Centralized Repository for Alzheimer's Disease and Related Dementias (NCRAD)...
  Query: ("National Centralized Repository for Alzheimer's Disease and Related Dementias"[All Fields] OR "NCR...
  Found 11 articles
  Successfully processed 11 articles

[33/99] Searching for publications related to Open Access Series of Imaging Studies - Clinical Memory Disorders (OASIS-4)...
  Query: ("Open Access Series of Imaging Studies - Clinical Memory Disorders"[All Fields] OR "OASIS-4"[All Fi...
  Found 1 articles
  Successfully processed 1 articles

[34/99] Searching for publications related to Open Access Series of Imaging Studies - Cross-sectional (OASIS-1)...
  Query: ("Open Access Series of Imaging Studies - Cross-sectional"[All Fields] OR "OASIS-1"[All Fields]) AND...
  No results found

[35/99] Searching for publications related to Open Access Series of Imaging Studies - Longitudinal (OASIS-2)...
  Query: ("Open Access Series of Imaging Studies - Longitudinal"[All Fields] OR "OASIS-2"[All Fields]) AND ("...
  No results found

[36/99] Searching for publications related to Open Access Series of Imaging Studies - Multimodal (OASIS-3)...
  Query: ("Open Access Series of Imaging Studies - Multimodal"[All Fields] OR "OASIS-3"[All Fields]) AND ("al...
  Found 2 articles
  Successfully processed 2 articles

[37/99] Searching for publications related to Parkinson's Disease Biomarkers Program (PDBP)...
  Query: ("Parkinson's Disease Biomarkers Program"[All Fields] OR "PDBP"[All Fields]) AND ("parkinson's disea...
  Found 6 articles
  Successfully processed 6 articles

[38/99] Searching for publications related to Parkinson's Progression Markers Initiative (PPMI)...
  Query: ("Parkinson's Progression Markers Initiative"[All Fields] OR "PPMI"[All Fields]) AND ("parkinson's d...
  Found 100 articles
  Successfully processed 100 articles

[39/99] Searching for publications related to Psychiatric Genomics Consortium Alzheimer's Disease Working Group (PsychAD)...
  Query: ("Psychiatric Genomics Consortium Alzheimer's Disease Working Group"[All Fields] OR "PsychAD"[All Fi...
  No results found

[40/99] Searching for publications related to Religious Orders Study (ROS)...
  Query: ("Religious Orders Study"[All Fields] OR "ROS"[All Fields]) AND ("alzheimer's disease"[All Fields] O...
  Found 83 articles
  Successfully processed 82 articles

[41/99] Searching for publications related to Swedish BioFINDER-1 Study (BioFINDER-1)...
  Query: ("Swedish BioFINDER-1 Study"[All Fields] OR "BioFINDER-1"[All Fields]) AND ("alzheimer's disease"[Al...
  Found 18 articles
  Successfully processed 18 articles

[42/99] Searching for publications related to Swedish BioFINDER-2 Study (BioFINDER-2)...
  Query: ("Swedish BioFINDER-2 Study"[All Fields] OR "BioFINDER-2"[All Fields]) AND ("alzheimer's disease"[Al...
  Found 36 articles
  Successfully processed 36 articles

[43/99] Searching for publications related to Swedish BioFINDER-Preclinical AD Study (BioFINDER-Preclinical)...
  Query: ("Swedish BioFINDER-Preclinical AD Study"[All Fields] OR "BioFINDER-Preclinical"[All Fields]) AND ("...
  No results found

[44/99] Searching for publications related to UK Biobank Neurodegenerative Cohort (UKB-Neuro)...
  Query: ("UK Biobank Neurodegenerative Cohort"[All Fields] OR "UKB-Neuro"[All Fields]) AND ("alzheimer's dis...
  No results found

[45/99] Searching for publications related to Accelerating Medicines Partnership - Parkinson's Disease (AMP-PD)...
  Query: ("Accelerating Medicines Partnership - Parkinson's Disease"[All Fields] OR "AMP-PD"[All Fields]) AND...
  Found 2 articles
  Successfully processed 2 articles

[46/99] Searching for publications related to Accelerating Medicines Partnership - Alzheimer's Disease (AMP-AD)...
  Query: ("Accelerating Medicines Partnership - Alzheimer's Disease"[All Fields] OR "AMP-AD"[All Fields]) AND...
  Found 3 articles
  Successfully processed 3 articles

[47/99] Searching for publications related to AD Knowledge Portal Multi-Study Collection (AD-Portal)...
  Query: ("AD Knowledge Portal Multi-Study Collection"[All Fields] OR "AD-Portal"[All Fields]) AND ("alzheime...
  No results found

[48/99] Searching for publications related to Accelerating Medicines Partnership - PD and Related Disorders (AMP-PDRD)...
  Query: ("Accelerating Medicines Partnership - PD and Related Disorders"[All Fields] OR "AMP-PDRD"[All Field...
  No results found

[49/99] Searching for publications related to Aligning Science Across Parkinson's Collaborative Research Network (ASAP-CRN)...
  Query: ("Aligning Science Across Parkinson's Collaborative Research Network"[All Fields] OR "ASAP-CRN"[All ...
  No results found

[50/99] Searching for publications related to Banner Alzheimer's Prevention Initiative (Banner-API)...
  Query: ("Banner Alzheimer's Prevention Initiative"[All Fields] OR "Banner-API"[All Fields]) AND ("preclinic...
  No results found

[51/99] Searching for publications related to Brains for Dementia Research (BDR)...
  Query: ("Brains for Dementia Research"[All Fields] OR "BDR"[All Fields]) AND ("alzheimer's disease"[All Fie...
  Found 5 articles
  Successfully processed 5 articles

[52/99] Searching for publications related to CamPaIGN Study (CamPaIGN)...
  Query: ("CamPaIGN Study"[All Fields] OR "CamPaIGN"[All Fields]) AND ("alzheimer's disease"[All Fields] OR "...
  No results found

[53/99] Searching for publications related to Cognitive Function and Ageing Study (CFAS)...
  Query: ("Cognitive Function and Ageing Study"[All Fields] OR "CFAS"[All Fields]) AND ("dementia"[All Fields...
  Found 6 articles
  Successfully processed 6 articles

[54/99] Searching for publications related to Cognitive Function and Ageing Study II (CFAS-II)...
  Query: ("Cognitive Function and Ageing Study II"[All Fields] OR "CFAS-II"[All Fields]) AND ("dementia"[All ...
  No results found

[55/99] Searching for publications related to Aligning Science Across Parkinson's Collaborative Research Network (ASAP-CRN)...
  Query: ("Aligning Science Across Parkinson's Collaborative Research Network"[All Fields] OR "ASAP-CRN"[All ...
  No results found

[56/99] Searching for publications related to Effect of Semagacestat in Alzheimer's Disease (IDENTITY)...
  Query: ("Effect of Semagacestat in Alzheimer's Disease"[All Fields] OR "IDENTITY"[All Fields]) AND ("alzhei...
  Found 100 articles
  Successfully processed 98 articles

[57/99] Searching for publications related to Mount Sinai Brain Bank (MSBB)...
  Query: ("Mount Sinai Brain Bank"[All Fields] OR "MSBB"[All Fields]) AND ("alzheimer's disease"[All Fields] ...
  Found 14 articles
  Successfully processed 14 articles

[58/99] Searching for publications related to Seattle Alzheimer's Disease Brain Cell Atlas (SEA-AD)...
  Query: ("Seattle Alzheimer's Disease Brain Cell Atlas"[All Fields] OR "SEA-AD"[All Fields]) AND ("alzheimer...
  Found 3 articles
  Successfully processed 3 articles

[59/99] Searching for publications related to MODEL-AD Consortium (MODEL-AD)...
  Query: ("MODEL-AD Consortium"[All Fields] OR "MODEL-AD"[All Fields]) AND ("alzheimer's disease (mouse model...
  No results found

[60/99] Searching for publications related to Mayo Clinic Brain Bank for Neurodegenerative Disorders (Mayo-Brain-Bank)...
  Query: ("Mayo Clinic Brain Bank for Neurodegenerative Disorders"[All Fields] OR "Mayo-Brain-Bank"[All Field...
  No results found

[61/99] Searching for publications related to GP2 Genomic Data Collection (GP2-Genomics)...
  Query: ("GP2 Genomic Data Collection"[All Fields] OR "GP2-Genomics"[All Fields]) AND ("parkinson's disease"...
  No results found

[62/99] Searching for publications related to Fox Insight (Fox-Insight)...
  Query: ("Fox Insight"[All Fields] OR "Fox-Insight"[All Fields]) AND ("parkinson's disease"[All Fields]) AND...
  Found 10 articles
  Successfully processed 10 articles

[63/99] Searching for publications related to Generation Scotland (GS)...
  Query: ("Generation Scotland"[All Fields] OR "GS"[All Fields]) AND ("multiple conditions including neurodeg...
  No results found

[64/99] Searching for publications related to GERAS Observational Study (GERAS)...
  Query: ("GERAS Observational Study"[All Fields] OR "GERAS"[All Fields]) AND ("alzheimer's disease"[All Fiel...
  Found 2 articles
  Successfully processed 2 articles

[65/99] Searching for publications related to Honolulu-Asia Aging Study (HAAS)...
  Query: ("Honolulu-Asia Aging Study"[All Fields] OR "HAAS"[All Fields]) AND ("alzheimer's disease"[All Field...
  Found 2 articles
  Successfully processed 2 articles

[66/99] Searching for publications related to Incidence of Cognitive Impairment in Cohorts with Longitudinal Evaluation-PD (ICICLE-PD)...
  Query: ("Incidence of Cognitive Impairment in Cohorts with Longitudinal Evaluation-PD"[All Fields] OR "ICIC...
  No results found

[67/99] Searching for publications related to Northern Ireland Cohort for Longitudinal Study of Ageing (NICOLA)...
  Query: ("Northern Ireland Cohort for Longitudinal Study of Ageing"[All Fields] OR "NICOLA"[All Fields]) AND...
  No results found

[68/99] Searching for publications related to PREVENT Dementia Programme (PREVENT)...
  Query: ("PREVENT Dementia Programme"[All Fields] OR "PREVENT"[All Fields]) AND ("dementia prevention"[All F...
  Found 7 articles
  Successfully processed 7 articles

[69/99] Searching for publications related to Semagacestat Alzheimer's Trial (Semagacestat)...
  Query: ("Semagacestat Alzheimer's Trial"[All Fields] OR "Semagacestat"[All Fields]) AND ("alzheimer's disea...
  Found 2 articles
  Successfully processed 2 articles

[70/99] Searching for publications related to Solanezumab EXPEDITION Program (EXPEDITION)...
  Query: ("Solanezumab EXPEDITION Program"[All Fields] OR "EXPEDITION"[All Fields]) AND ("mild to moderate al...
  No results found

[71/99] Searching for publications related to The English Longitudinal Study of Ageing (ELSA)...
  Query: ("The English Longitudinal Study of Ageing"[All Fields] OR "ELSA"[All Fields]) AND ("dementia"[All F...
  Found 1 articles
  Successfully processed 1 articles

[72/99] Searching for publications related to Whitehall II Study (Whitehall-II)...
  Query: ("Whitehall II Study"[All Fields] OR "Whitehall-II"[All Fields]) AND ("dementia"[All Fields]) AND (2...
  Found 2 articles
  Successfully processed 2 articles

[73/99] Searching for publications related to Aberdeen Children of the 1950s (ACONF)...
  Query: ("Aberdeen Children of the 1950s"[All Fields] OR "ACONF"[All Fields]) AND ("alzheimer"[All Fields] O...
  No results found

[74/99] Searching for publications related to ADDIA Clinical Study (ADDIA)...
  Query: ("ADDIA Clinical Study"[All Fields] OR "ADDIA"[All Fields]) AND ("alzheimer's disease"[All Fields] O...
  No results found

[75/99] Searching for publications related to Alzheimer's Disease and Healthy Aging Data (ADHAD)...
  Query: ("Alzheimer's Disease and Healthy Aging Data"[All Fields] OR "ADHAD"[All Fields]) AND ("alzheimer's ...
  No results found

[76/99] Searching for publications related to Amyloid Imaging for Phenotyping Lewy Body Dementia (AMPLE)...
  Query: ("Amyloid Imaging for Phenotyping Lewy Body Dementia"[All Fields] OR "AMPLE"[All Fields]) AND ("lewy...
  Found 1 articles
  Successfully processed 1 articles

[77/99] Searching for publications related to AMYPAD Prognostic Natural History Study (AMYPAD-PNHS)...
  Query: ("AMYPAD Prognostic Natural History Study"[All Fields] OR "AMYPAD-PNHS"[All Fields]) AND ("preclinic...
  No results found

[78/99] Searching for publications related to Answer ALS (Answer-ALS)...
  Query: ("Answer ALS"[All Fields] OR "Answer-ALS"[All Fields]) AND ("amyotrophic lateral sclerosis"[All Fiel...
  Found 3 articles
  Successfully processed 3 articles

[79/99] Searching for publications related to Brain Health Data Platform - Scotland (BHDP)...
  Query: ("Brain Health Data Platform - Scotland"[All Fields] OR "BHDP"[All Fields]) AND ("dementia"[All Fiel...
  No results found

[80/99] Searching for publications related to Critical Path for AD Database (CPAD)...
  Query: ("Critical Path for AD Database"[All Fields] OR "CPAD"[All Fields]) AND ("alzheimer's disease"[All F...
  No results found

[81/99] Searching for publications related to Dementia Research Group 10/66 Study (DRG-10/66)...
  Query: ("Dementia Research Group 10/66 Study"[All Fields] OR "DRG-10/66"[All Fields]) AND ("dementia"[All F...
  No results found

[82/99] Searching for publications related to Scottish Medical Imaging Research Dataset (SMI)...
  Query: ("Scottish Medical Imaging Research Dataset"[All Fields] OR "SMI"[All Fields]) AND ("multiple condit...
  No results found

[83/99] Searching for publications related to The Airwave Health Monitoring Study (Airwave)...
  Query: ("The Airwave Health Monitoring Study"[All Fields] OR "Airwave"[All Fields]) AND ("alzheimer"[All Fi...
  No results found

[84/99] Searching for publications related to The Caerphilly Prospective Study (CaPS)...
  Query: ("The Caerphilly Prospective Study"[All Fields] OR "CaPS"[All Fields]) AND ("dementia"[All Fields]) ...
  Found 4 articles
  Successfully processed 4 articles

[85/99] Searching for publications related to KBASE Reference iPSC Line (KBASE-iPSC)...
  Query: ("KBASE Reference iPSC Line"[All Fields] OR "KBASE-iPSC"[All Fields]) AND ("reference cell line for ...
  No results found

[86/99] Searching for publications related to Blood-based microRNA Biomarkers GSE46579 (GSE46579)...
  Query: ("Blood-based microRNA Biomarkers GSE46579"[All Fields] OR "GSE46579"[All Fields]) AND ("alzheimer's...
  No results found

[87/99] Searching for publications related to Autoantibody Biomarkers GSE74763 (GSE74763)...
  Query: ("Autoantibody Biomarkers GSE74763"[All Fields] OR "GSE74763"[All Fields]) AND ("alzheimer's disease...
  No results found

[88/99] Searching for publications related to CSF Proteomic Subtypes in AD (CSF-Subtypes)...
  Query: ("CSF Proteomic Subtypes in AD"[All Fields] OR "CSF-Subtypes"[All Fields]) AND ("alzheimer's disease...
  No results found

[89/99] Searching for publications related to MexCog 10/66 Harmonized Dataset (MexCog)...
  Query: ("MexCog 10/66 Harmonized Dataset"[All Fields] OR "MexCog"[All Fields]) AND ("dementia"[All Fields] ...
  Found 1 articles
  Successfully processed 1 articles

[90/99] Searching for publications related to Moorfields Eye Hospital Dementia Dataset (MEHD)...
  Query: ("Moorfields Eye Hospital Dementia Dataset"[All Fields] OR "MEHD"[All Fields]) AND ("dementia"[All F...
  No results found

[91/99] Searching for publications related to RNA-seq of Alzheimer's Patients GSE53697 (GSE53697)...
  Query: ("RNA-seq of Alzheimer's Patients GSE53697"[All Fields] OR "GSE53697"[All Fields]) AND ("alzheimer's...
  No results found

[92/99] Searching for publications related to Single-cell RNA-seq Early-onset AD (scRNA-EOAD)...
  Query: ("Single-cell RNA-seq Early-onset AD"[All Fields] OR "scRNA-EOAD"[All Fields]) AND ("early-onset alz...
  No results found

[93/99] Searching for publications related to TDP-43 ALS/FTD Multi-omics (TDP43-Omics)...
  Query: ("TDP-43 ALS/FTD Multi-omics"[All Fields] OR "TDP43-Omics"[All Fields]) AND ("als"[All Fields] OR "f...
  No results found

[94/99] Searching for publications related to C9orf72 FTD RNA-seq (C9orf72-RNA)...
  Query: ("C9orf72 FTD RNA-seq"[All Fields] OR "C9orf72-RNA"[All Fields]) AND ("frontotemporal dementia"[All ...
  No results found

[95/99] Searching for publications related to The SleepQuest Dataset (SleepQuest)...
  Query: ("The SleepQuest Dataset"[All Fields] OR "SleepQuest"[All Fields]) AND ("alzheimer"[All Fields] OR "...
  No results found

[96/99] Searching for publications related to Lilly Gamma-secretase Inhibitor Trials (LY450139)...
  Query: ("Lilly Gamma-secretase Inhibitor Trials"[All Fields] OR "LY450139"[All Fields]) AND ("alzheimer's d...
  No results found

[97/99] Searching for publications related to Alzheimer's Disease Neuroimaging Initiative (ADNI)...
  Query: ("Alzheimer's Disease Neuroimaging Initiative"[All Fields] OR "ADNI"[All Fields]) AND ("alzheimer's ...
  Found 100 articles
  Successfully processed 100 articles

[98/99] Searching for publications related to Global Parkinson's Genetics Program (GP2)...
  Query: ("Global Parkinson's Genetics Program"[All Fields] OR "GP2"[All Fields]) AND ("atypical parkinsonism...
  Found 6 articles
  Successfully processed 6 articles

[99/99] Searching for publications related to Alzheimer's Disease Sequencing Project (ADSP)...
  Query: ("Alzheimer's Disease Sequencing Project"[All Fields] OR "ADSP"[All Fields]) AND ("alzheimer's disea...
  Found 64 articles
  Successfully processed 64 articles

============================================================
SUCCESS: Results saved to ../tables/pubmed_central_20251128_124602.tsv
Total articles found: 860
============================================================
